<?xml version="1.0" encoding="UTF-8"?>
<!-- Generated by org.testng.reporters.JUnitXMLReporter -->
<testsuite hostname="PRINHYLTPHP0104" ignored="0" name="Command line test" tests="7" failures="0" timestamp="2020-01-09T10:01:29 IST" time="13.861" errors="0">
  <testcase name="pageLoad" time="0.063" classname="com.tests.TestNGSampleTest"/>
  <testcase name="enterFirstCity" time="2.042" classname="com.tests.TestNGSampleTest"/>
  <testcase name="enterSecondCity" time="2.056" classname="com.tests.TestNGSampleTest"/>
  <testcase name="checkTimeDifference" time="0.078" classname="com.tests.TestNGSampleTest"/>
  <testcase name="checkSwapButton" time="1.399" classname="com.tests.TestNGSampleTest"/>
  <testcase name="checkDelete" time="1.218" classname="com.tests.TestNGSampleTest"/>
  <testcase name="changeDate" time="1.292" classname="com.tests.TestNGSampleTest"/>
</testsuite> <!-- Command line test -->
